<?xml version="1.0" encoding="UTF-8"?>
<testng-results skipped="0" failed="0" ignored="0" total="6" passed="6">
  <reporter-output>
  </reporter-output>
  <suite name="Suite" duration-ms="39329" started-at="2019-09-18T22:22:08 PDT" finished-at="2019-09-18T22:22:48 PDT">
    <groups>
    </groups>
    <test name="Test" duration-ms="39329" started-at="2019-09-18T22:22:08 PDT" finished-at="2019-09-18T22:22:48 PDT">
      <class name="PageTests.DriverScript">
        <test-method status="PASS" signature="startUp()[pri:0, instance:PageTests.DriverScript@2d6eabae]" name="startUp" is-config="true" duration-ms="9630" started-at="2019-09-18T22:21:59 PDT" finished-at="2019-09-18T22:22:08 PDT">
          <reporter-output>
          </reporter-output>
        </test-method> <!-- startUp -->
        <test-method status="PASS" signature="startReport()[pri:0, instance:PageTests.DriverScript@2d6eabae]" name="startReport" is-config="true" duration-ms="102" started-at="2019-09-18T22:22:08 PDT" finished-at="2019-09-18T22:22:09 PDT">
          <reporter-output>
          </reporter-output>
        </test-method> <!-- startReport -->
        <test-method status="PASS" signature="LoginAuthentication()[pri:0, instance:PageTests.DriverScript@2d6eabae]" name="LoginAuthentication" duration-ms="5850" started-at="2019-09-18T22:22:09 PDT" finished-at="2019-09-18T22:22:14 PDT">
          <reporter-output>
          </reporter-output>
        </test-method> <!-- LoginAuthentication -->
        <test-method status="PASS" signature="getResult(org.testng.ITestResult)[pri:0, instance:PageTests.DriverScript@2d6eabae]" name="getResult" is-config="true" duration-ms="2" started-at="2019-09-18T22:22:14 PDT" finished-at="2019-09-18T22:22:14 PDT">
          <params>
            <param index="0">
              <value>
                <![CDATA[[TestResult name=LoginAuthentication status=SUCCESS method=DriverScript.LoginAuthentication()[pri:0, instance:PageTests.DriverScript@2d6eabae] output={null}]]]>
              </value>
            </param>
          </params>
          <reporter-output>
          </reporter-output>
        </test-method> <!-- getResult -->
        <test-method status="PASS" signature="HomeViewAllApps()[pri:0, instance:PageTests.DriverScript@2d6eabae]" name="HomeViewAllApps" duration-ms="2849" started-at="2019-09-18T22:22:14 PDT" depends-on-methods="PageTests.DriverScript.LoginAuthentication" finished-at="2019-09-18T22:22:17 PDT">
          <reporter-output>
          </reporter-output>
        </test-method> <!-- HomeViewAllApps -->
        <test-method status="PASS" signature="HomeLogoTest()[pri:0, instance:PageTests.DriverScript@2d6eabae]" name="HomeLogoTest" duration-ms="3306" started-at="2019-09-18T22:22:17 PDT" depends-on-methods="PageTests.DriverScript.HomeViewAllApps" finished-at="2019-09-18T22:22:21 PDT">
          <reporter-output>
          </reporter-output>
        </test-method> <!-- HomeLogoTest -->
        <test-method status="PASS" signature="getResult(org.testng.ITestResult)[pri:0, instance:PageTests.DriverScript@2d6eabae]" name="getResult" is-config="true" duration-ms="0" started-at="2019-09-18T22:22:17 PDT" finished-at="2019-09-18T22:22:17 PDT">
          <params>
            <param index="0">
              <value>
                <![CDATA[[TestResult name=HomeViewAllApps status=SUCCESS method=DriverScript.HomeViewAllApps()[pri:0, instance:PageTests.DriverScript@2d6eabae] output={null}]]]>
              </value>
            </param>
          </params>
          <reporter-output>
          </reporter-output>
        </test-method> <!-- getResult -->
        <test-method status="PASS" signature="getResult(org.testng.ITestResult)[pri:0, instance:PageTests.DriverScript@2d6eabae]" name="getResult" is-config="true" duration-ms="1" started-at="2019-09-18T22:22:21 PDT" finished-at="2019-09-18T22:22:21 PDT">
          <params>
            <param index="0">
              <value>
                <![CDATA[[TestResult name=HomeLogoTest status=SUCCESS method=DriverScript.HomeLogoTest()[pri:0, instance:PageTests.DriverScript@2d6eabae] output={null}]]]>
              </value>
            </param>
          </params>
          <reporter-output>
          </reporter-output>
        </test-method> <!-- getResult -->
        <test-method status="PASS" signature="UserDetails()[pri:0, instance:PageTests.DriverScript@2d6eabae]" name="UserDetails" duration-ms="3733" started-at="2019-09-18T22:22:21 PDT" depends-on-methods="PageTests.DriverScript.HomeLogoTest" finished-at="2019-09-18T22:22:24 PDT">
          <reporter-output>
          </reporter-output>
        </test-method> <!-- UserDetails -->
        <test-method status="PASS" signature="getResult(org.testng.ITestResult)[pri:0, instance:PageTests.DriverScript@2d6eabae]" name="getResult" is-config="true" duration-ms="1" started-at="2019-09-18T22:22:24 PDT" finished-at="2019-09-18T22:22:24 PDT">
          <params>
            <param index="0">
              <value>
                <![CDATA[[TestResult name=UserDetails status=SUCCESS method=DriverScript.UserDetails()[pri:0, instance:PageTests.DriverScript@2d6eabae] output={null}]]]>
              </value>
            </param>
          </params>
          <reporter-output>
          </reporter-output>
        </test-method> <!-- getResult -->
        <test-method status="PASS" signature="corporate_()[pri:0, instance:PageTests.DriverScript@2d6eabae]" name="corporate_" duration-ms="19301" started-at="2019-09-18T22:22:24 PDT" depends-on-methods="PageTests.DriverScript.UserDetails" finished-at="2019-09-18T22:22:44 PDT">
          <reporter-output>
          </reporter-output>
        </test-method> <!-- corporate_ -->
        <test-method status="PASS" signature="getResult(org.testng.ITestResult)[pri:0, instance:PageTests.DriverScript@2d6eabae]" name="getResult" is-config="true" duration-ms="1" started-at="2019-09-18T22:22:44 PDT" finished-at="2019-09-18T22:22:44 PDT">
          <params>
            <param index="0">
              <value>
                <![CDATA[[TestResult name=corporate_ status=SUCCESS method=DriverScript.corporate_()[pri:0, instance:PageTests.DriverScript@2d6eabae] output={null}]]]>
              </value>
            </param>
          </params>
          <reporter-output>
          </reporter-output>
        </test-method> <!-- getResult -->
        <test-method status="PASS" signature="LogoutAuthentication()[pri:1, instance:PageTests.DriverScript@2d6eabae]" name="LogoutAuthentication" duration-ms="3937" started-at="2019-09-18T22:22:44 PDT" finished-at="2019-09-18T22:22:48 PDT">
          <reporter-output>
          </reporter-output>
        </test-method> <!-- LogoutAuthentication -->
        <test-method status="PASS" signature="getResult(org.testng.ITestResult)[pri:0, instance:PageTests.DriverScript@2d6eabae]" name="getResult" is-config="true" duration-ms="1" started-at="2019-09-18T22:22:48 PDT" finished-at="2019-09-18T22:22:48 PDT">
          <params>
            <param index="0">
              <value>
                <![CDATA[[TestResult name=LogoutAuthentication status=SUCCESS method=DriverScript.LogoutAuthentication()[pri:1, instance:PageTests.DriverScript@2d6eabae] output={null}]]]>
              </value>
            </param>
          </params>
          <reporter-output>
          </reporter-output>
        </test-method> <!-- getResult -->
        <test-method status="PASS" signature="endReport()[pri:0, instance:PageTests.DriverScript@2d6eabae]" name="endReport" is-config="true" duration-ms="215" started-at="2019-09-18T22:22:48 PDT" finished-at="2019-09-18T22:22:48 PDT">
          <reporter-output>
          </reporter-output>
        </test-method> <!-- endReport -->
        <test-method status="PASS" signature="cleanUp()[pri:0, instance:PageTests.DriverScript@2d6eabae]" name="cleanUp" is-config="true" duration-ms="139" started-at="2019-09-18T22:22:48 PDT" finished-at="2019-09-18T22:22:48 PDT">
          <reporter-output>
          </reporter-output>
        </test-method> <!-- cleanUp -->
      </class> <!-- PageTests.DriverScript -->
    </test> <!-- Test -->
  </suite> <!-- Suite -->
</testng-results>
