<?xml version="1.0" encoding="UTF-8"?>
<!-- Generated by org.testng.reporters.JUnitXMLReporter -->
<testsuite hostname="EXIHYD-IM-019" ignored="0" name="Test" tests="6" failures="0" timestamp="2019-09-18T22:22:48 PDT" time="39.329" errors="0">
  <testcase name="LoginAuthentication" time="5.85" classname="PageTests.DriverScript"/>
  <testcase name="HomeViewAllApps" time="2.849" classname="PageTests.DriverScript"/>
  <testcase name="HomeLogoTest" time="3.306" classname="PageTests.DriverScript"/>
  <testcase name="UserDetails" time="3.733" classname="PageTests.DriverScript"/>
  <testcase name="corporate_" time="19.301" classname="PageTests.DriverScript"/>
  <testcase name="LogoutAuthentication" time="3.937" classname="PageTests.DriverScript"/>
</testsuite> <!-- Test -->
