<?xml version="1.0" encoding="UTF-8"?>
<!-- Generated by org.testng.reporters.JUnitXMLReporter -->
<testsuite hostname="EXIHYD-IM-033" ignored="0" name="Test" tests="6" failures="0" timestamp="18 Sep 2019 09:59:16 GMT" time="40.948" errors="0">
  <testcase name="LoginAuthentication" time="4.976" classname="PageTests.DriverScript"/>
  <testcase name="HomeViewAllApps" time="3.556" classname="PageTests.DriverScript"/>
  <testcase name="HomeLogoTest" time="3.568" classname="PageTests.DriverScript"/>
  <testcase name="UserDetails" time="3.518" classname="PageTests.DriverScript"/>
  <testcase name="corporate_" time="21.909" classname="PageTests.DriverScript"/>
  <testcase name="LogoutAuthentication" time="3.06" classname="PageTests.DriverScript"/>
</testsuite> <!-- Test -->
